#
# A fatal error has been detected by the Java Runtime Environment:
#
#  EXCEPTION_ACCESS_VIOLATION (0xc0000005) at pc=0x00007fff7b908c24, pid=5508, tid=16560
#
# JRE version: Java(TM) SE Runtime Environment (14.0.1+7) (build 14.0.1+7)
# Java VM: Java HotSpot(TM) 64-Bit Server VM (14.0.1+7, mixed mode, sharing, tiered, compressed oops, g1 gc, windows-amd64)
# Problematic frame:
# V  [jvm.dll+0x208c24]
#
# No core dump will be written. Minidumps are not enabled by default on client versions of Windows
#
# If you would like to submit a bug report, please visit:
#   https://bugreport.java.com/bugreport/crash.jsp
#

---------------  S U M M A R Y ------------

Command Line: -XX:TieredStopAtLevel=1 -Xverify:none -Dspring.output.ansi.enabled=always -javaagent:C:\Program Files\JetBrains\IntelliJ IDEA 2021.1.2\lib\idea_rt.jar=57198:C:\Program Files\JetBrains\IntelliJ IDEA 2021.1.2\bin -Dcom.sun.management.jmxremote -Dspring.jmx.enabled=true -Dspring.liveBeansView.mbeanDomain -Dspring.application.admin.enabled=true -Dfile.encoding=UTF-8 com.example.restfulapispringboot.RestfulApiSpringBootApplication

Host: Intel(R) Core(TM) i5-7200U CPU @ 2.50GHz, 4 cores, 11G,  Windows 10 , 64 bit Build 18362 (10.0.18362.1350)
Time: Thu Jun  3 14:20:30 2021 SE Asia Standard Time elapsed time: 550 seconds (0d 0h 9m 10s)

---------------  T H R E A D  ---------------

Current thread (0x0000028ae1ad0000):  JavaThread "http-nio-8080-exec-2" daemon [_thread_in_vm, id=16560, stack(0x000000dc3ad00000,0x000000dc3ae00000)]

Stack: [0x000000dc3ad00000,0x000000dc3ae00000],  sp=0x000000dc3adfb280,  free space=1004k
Native frames: (J=compiled Java code, j=interpreted, Vv=VM code, C=native code)
V  [jvm.dll+0x208c24]
V  [jvm.dll+0x32b46f]
V  [jvm.dll+0x6cbca7]
V  [jvm.dll+0x6cb7e2]
V  [jvm.dll+0x6cce49]
V  [jvm.dll+0x6cd35d]
V  [jvm.dll+0x6cd1a3]
V  [jvm.dll+0x206e08]
V  [jvm.dll+0x207062]
V  [jvm.dll+0x4ed7f8]
V  [jvm.dll+0x4f017d]
V  [jvm.dll+0x33ac43]
V  [jvm.dll+0x33a20f]
C  0x0000028ac70ddff8

Java frames: (J=compiled Java code, j=interpreted, Vv=VM code)
j  java.time.format.DateTimeFormatterBuilder$ZoneTextPrinterParser.<init>(Ljava/time/format/TextStyle;Ljava/util/Set;Z)V+1 java.base@14.0.1
j  java.time.format.DateTimeFormatterBuilder.appendZoneText(Ljava/time/format/TextStyle;)Ljava/time/format/DateTimeFormatterBuilder;+8 java.base@14.0.1
j  java.time.format.DateTimeFormatterBuilder.parsePattern(Ljava/lang/String;)V+296 java.base@14.0.1
j  java.time.format.DateTimeFormatterBuilder.appendPattern(Ljava/lang/String;)Ljava/time/format/DateTimeFormatterBuilder;+10 java.base@14.0.1
j  java.time.format.DateTimeFormatter.ofPattern(Ljava/lang/String;Ljava/util/Locale;)Ljava/time/format/DateTimeFormatter;+8 java.base@14.0.1
j  org.springframework.http.HttpHeaders.<clinit>()V+54
v  ~StubRoutines::call_stub
j  org.springframework.http.HttpEntity.<init>(Ljava/lang/Object;Lorg/springframework/util/MultiValueMap;)V+18
j  org.springframework.http.HttpEntity.<init>()V+3
j  org.springframework.http.HttpEntity.<clinit>()V+4
v  ~StubRoutines::call_stub
j  org.springframework.boot.autoconfigure.web.servlet.error.BasicErrorController.error(Ljavax/servlet/http/HttpServletRequest;)Lorg/springframework/http/ResponseEntity;+36
v  ~StubRoutines::call_stub
J 2322  jdk.internal.reflect.NativeMethodAccessorImpl.invoke0(Ljava/lang/reflect/Method;Ljava/lang/Object;[Ljava/lang/Object;)Ljava/lang/Object; java.base@14.0.1 (0 bytes) @ 0x0000028ac7adf54f [0x0000028ac7adf4c0+0x000000000000008f]
J 2321 c1 jdk.internal.reflect.NativeMethodAccessorImpl.invoke(Ljava/lang/Object;[Ljava/lang/Object;)Ljava/lang/Object; java.base@14.0.1 (104 bytes) @ 0x0000028ac7ae1324 [0x0000028ac7ae0f20+0x0000000000000404]
J 2171 c1 jdk.internal.reflect.DelegatingMethodAccessorImpl.invoke(Ljava/lang/Object;[Ljava/lang/Object;)Ljava/lang/Object; java.base@14.0.1 (10 bytes) @ 0x0000028ac7a9f584 [0x0000028ac7a9f520+0x0000000000000064]
J 2172 c1 java.lang.reflect.Method.invoke(Ljava/lang/Object;[Ljava/lang/Object;)Ljava/lang/Object; java.base@14.0.1 (65 bytes) @ 0x0000028ac7a9f994 [0x0000028ac7a9f860+0x0000000000000134]
j  org.springframework.web.method.support.InvocableHandlerMethod.doInvoke([Ljava/lang/Object;)Ljava/lang/Object;+32
j  org.springframework.web.method.support.InvocableHandlerMethod.invokeForRequest(Lorg/springframework/web/context/request/NativeWebRequest;Lorg/springframework/web/method/support/ModelAndViewContainer;[Ljava/lang/Object;)Ljava/lang/Object;+54
j  org.springframework.web.servlet.mvc.method.annotation.ServletInvocableHandlerMethod.invokeAndHandle(Lorg/springframework/web/context/request/ServletWebRequest;Lorg/springframework/web/method/support/ModelAndViewContainer;[Ljava/lang/Object;)V+4
j  org.springframework.web.servlet.mvc.method.annotation.RequestMappingHandlerAdapter.invokeHandlerMethod(Ljavax/servlet/http/HttpServletRequest;Ljavax/servlet/http/HttpServletResponse;Lorg/springframework/web/method/HandlerMethod;)Lorg/springframework/web/servlet/ModelAndView;+244
j  org.springframework.web.servlet.mvc.method.annotation.RequestMappingHandlerAdapter.handleInternal(Ljavax/servlet/http/HttpServletRequest;Ljavax/servlet/http/HttpServletResponse;Lorg/springframework/web/method/HandlerMethod;)Lorg/springframework/web/servlet/ModelAndView;+81
j  org.springframework.web.servlet.mvc.method.AbstractHandlerMethodAdapter.handle(Ljavax/servlet/http/HttpServletRequest;Ljavax/servlet/http/HttpServletResponse;Ljava/lang/Object;)Lorg/springframework/web/servlet/ModelAndView;+7
j  org.springframework.web.servlet.DispatcherServlet.doDispatch(Ljavax/servlet/http/HttpServletRequest;Ljavax/servlet/http/HttpServletResponse;)V+259
j  org.springframework.web.servlet.DispatcherServlet.doService(Ljavax/servlet/http/HttpServletRequest;Ljavax/servlet/http/HttpServletResponse;)V+241
j  org.springframework.web.servlet.FrameworkServlet.processRequest(Ljavax/servlet/http/HttpServletRequest;Ljavax/servlet/http/HttpServletResponse;)V+71
j  org.springframework.web.servlet.FrameworkServlet.doGet(Ljavax/servlet/http/HttpServletRequest;Ljavax/servlet/http/HttpServletResponse;)V+3
j  javax.servlet.http.HttpServlet.service(Ljavax/servlet/http/HttpServletRequest;Ljavax/servlet/http/HttpServletResponse;)V+35
j  org.springframework.web.servlet.FrameworkServlet.service(Ljavax/servlet/http/HttpServletRequest;Ljavax/servlet/http/HttpServletResponse;)V+33
j  javax.servlet.http.HttpServlet.service(Ljavax/servlet/ServletRequest;Ljavax/servlet/ServletResponse;)V+36
j  org.apache.catalina.core.ApplicationFilterChain.internalDoFilter(Ljavax/servlet/ServletRequest;Ljavax/servlet/ServletResponse;)V+304
j  org.apache.catalina.core.ApplicationFilterChain.doFilter(Ljavax/servlet/ServletRequest;Ljavax/servlet/ServletResponse;)V+99
j  org.springframework.web.filter.RequestContextFilter.doFilterInternal(Ljavax/servlet/http/HttpServletRequest;Ljavax/servlet/http/HttpServletResponse;Ljavax/servlet/FilterChain;)V+21
j  org.springframework.web.filter.OncePerRequestFilter.doFilter(Ljavax/servlet/ServletRequest;Ljavax/servlet/ServletResponse;Ljavax/servlet/FilterChain;)V+147
j  org.apache.catalina.core.ApplicationFilterChain.internalDoFilter(Ljavax/servlet/ServletRequest;Ljavax/servlet/ServletResponse;)V+135
j  org.apache.catalina.core.ApplicationFilterChain.doFilter(Ljavax/servlet/ServletRequest;Ljavax/servlet/ServletResponse;)V+99
j  org.springframework.web.filter.OncePerRequestFilter.doFilter(Ljavax/servlet/ServletRequest;Ljavax/servlet/ServletResponse;Ljavax/servlet/FilterChain;)V+81
j  org.apache.catalina.core.ApplicationFilterChain.internalDoFilter(Ljavax/servlet/ServletRequest;Ljavax/servlet/ServletResponse;)V+135
j  org.apache.catalina.core.ApplicationFilterChain.doFilter(Ljavax/servlet/ServletRequest;Ljavax/servlet/ServletResponse;)V+99
j  org.springframework.web.filter.OncePerRequestFilter.doFilter(Ljavax/servlet/ServletRequest;Ljavax/servlet/ServletResponse;Ljavax/servlet/FilterChain;)V+81
j  org.apache.catalina.core.ApplicationFilterChain.internalDoFilter(Ljavax/servlet/ServletRequest;Ljavax/servlet/ServletResponse;)V+135
j  org.apache.catalina.core.ApplicationFilterChain.doFilter(Ljavax/servlet/ServletRequest;Ljavax/servlet/ServletResponse;)V+99
j  org.apache.catalina.core.ApplicationDispatcher.invoke(Ljavax/servlet/ServletRequest;Ljavax/servlet/ServletResponse;Lorg/apache/catalina/core/ApplicationDispatcher$State;)V+341
j  org.apache.catalina.core.ApplicationDispatcher.processRequest(Ljavax/servlet/ServletRequest;Ljavax/servlet/ServletResponse;Lorg/apache/catalina/core/ApplicationDispatcher$State;)V+111
j  org.apache.catalina.core.ApplicationDispatcher.doForward(Ljavax/servlet/ServletRequest;Ljavax/servlet/ServletResponse;)V+357
j  org.apache.catalina.core.ApplicationDispatcher.forward(Ljavax/servlet/ServletRequest;Ljavax/servlet/ServletResponse;)V+55
j  org.apache.catalina.core.StandardHostValve.custom(Lorg/apache/catalina/connector/Request;Lorg/apache/catalina/connector/Response;Lorg/apache/tomcat/util/descriptor/web/ErrorPage;)Z+159
j  org.apache.catalina.core.StandardHostValve.status(Lorg/apache/catalina/connector/Request;Lorg/apache/catalina/connector/Response;)V+159
j  org.apache.catalina.core.StandardHostValve.invoke(Lorg/apache/catalina/connector/Request;Lorg/apache/catalina/connector/Response;)V+313
j  org.apache.catalina.valves.ErrorReportValve.invoke(Lorg/apache/catalina/connector/Request;Lorg/apache/catalina/connector/Response;)V+6
j  org.apache.catalina.core.StandardEngineValve.invoke(Lorg/apache/catalina/connector/Request;Lorg/apache/catalina/connector/Response;)V+59
j  org.apache.catalina.connector.CoyoteAdapter.service(Lorg/apache/coyote/Request;Lorg/apache/coyote/Response;)V+199
j  org.apache.coyote.http11.Http11Processor.service(Lorg/apache/tomcat/util/net/SocketWrapperBase;)Lorg/apache/tomcat/util/net/AbstractEndpoint$Handler$SocketState;+737
j  org.apache.coyote.AbstractProcessorLight.process(Lorg/apache/tomcat/util/net/SocketWrapperBase;Lorg/apache/tomcat/util/net/SocketEvent;)Lorg/apache/tomcat/util/net/AbstractEndpoint$Handler$SocketState;+170
j  org.apache.coyote.AbstractProtocol$ConnectionHandler.process(Lorg/apache/tomcat/util/net/SocketWrapperBase;Lorg/apache/tomcat/util/net/SocketEvent;)Lorg/apache/tomcat/util/net/AbstractEndpoint$Handler$SocketState;+505
j  org.apache.tomcat.util.net.NioEndpoint$SocketProcessor.doRun()V+216
j  org.apache.tomcat.util.net.SocketProcessorBase.run()V+21
j  java.util.concurrent.ThreadPoolExecutor.runWorker(Ljava/util/concurrent/ThreadPoolExecutor$Worker;)V+92 java.base@14.0.1
j  java.util.concurrent.ThreadPoolExecutor$Worker.run()V+5 java.base@14.0.1
j  org.apache.tomcat.util.threads.TaskThread$WrappingRunnable.run()V+4
j  java.lang.Thread.run()V+11 java.base@14.0.1
v  ~StubRoutines::call_stub

siginfo: EXCEPTION_ACCESS_VIOLATION (0xc0000005), reading address 0x0000000000000010


Register to memory mapping:

RIP=0x00007fff7b908c24 jvm.dll
RAX=0x0 is NULL
RBX=0x0000000800675c00 is pointing into metadata
RCX=0x0000000800675c00 is pointing into metadata
RDX=0x0000028ae1ad0000 is a thread
RSP=0x000000dc3adfb280 is pointing into the stack for thread: 0x0000028ae1ad0000
RBP=0x00000008000c1d70 is a pointer to class: 
java.time.temporal.TemporalQueries {0x00000008000c1d78}
RSI=0x0000000800675f20 is pointing into metadata
RDI=0x0000028ae1ad0000 is a thread
R8 =0x0000000741e6ff68 is an oop: java.lang.Module 
{0x0000000741e6ff68} - klass: 'java/lang/Module'
R9 =0x000000000000000a is an unknown value
R10=0x0000028ae16d2cb0 points into unknown readable memory: 09 00 00 00 1e 00 00 00
R11=0x000000dc3adfb1e0 is pointing into the stack for thread: 0x0000028ae1ad0000
R12=0x0000000741c12560 is an oop: [I 
{0x0000000741c12560} - klass: {type array int}
 - length: 0
R13=0x0000028ae1ad0000 is a thread
R14=0x0 is NULL
R15=0x0000028adf56b780 points into unknown readable memory: 00 00 00 00 00 00 00 00


Registers:
RAX=0x0000000000000000, RBX=0x0000000800675c00, RCX=0x0000000800675c00, RDX=0x0000028ae1ad0000
RSP=0x000000dc3adfb280, RBP=0x00000008000c1d70, RSI=0x0000000800675f20, RDI=0x0000028ae1ad0000
R8 =0x0000000741e6ff68, R9 =0x000000000000000a, R10=0x0000028ae16d2cb0, R11=0x000000dc3adfb1e0
R12=0x0000000741c12560, R13=0x0000028ae1ad0000, R14=0x0000000000000000, R15=0x0000028adf56b780
RIP=0x00007fff7b908c24, EFLAGS=0x0000000000010202

Top of Stack: (sp=0x000000dc3adfb280)
0x000000dc3adfb280:   0000028ae1ad0000 0000028ae1ad0000
0x000000dc3adfb290:   0000028adf56b780 00000008000c1d70
0x000000dc3adfb2a0:   0000028ae1ad0000 00007fff7ba2b46f
0x000000dc3adfb2b0:   0000028ae1ad0000 0000028adf56b780
0x000000dc3adfb2c0:   0000000000000000 0000028ae1a62500
0x000000dc3adfb2d0:   0000028ae1aaaa70 00007fff7bdc4534
0x000000dc3adfb2e0:   0000028ae1a62500 000000dc3adfb340
0x000000dc3adfb2f0:   0000000000000000 0000000000000000
0x000000dc3adfb300:   0000028ae1a62500 00007fff7bdcbca7
0x000000dc3adfb310:   00000008000c1d70 0000000000000000
0x000000dc3adfb320:   0000028ae1aaaa70 0000000000000000
0x000000dc3adfb330:   0000000000000000 0000028ae1ad0000
0x000000dc3adfb340:   0000028ae1ad0000 0000028ae1a62500
0x000000dc3adfb350:   0000000000000001 00007fff7bccc201
0x000000dc3adfb360:   0000028ae1ad0000 0000028ae1aaaa70
0x000000dc3adfb370:   0000028ae1a62470 0000028ae1a62500 

Instructions: (pc=0x00007fff7b908c24)
0x00007fff7b908b24:   1f 40 00 66 0f 1f 84 00 00 00 00 00 48 8b 40 08
0x00007fff7b908b34:   4c 63 c7 42 0f b6 44 00 04 3c 08 75 68 4d 8b 06
0x00007fff7b908b44:   49 8b 48 10 48 85 c9 74 04 48 8b 49 18 48 63 19
0x00007fff7b908b54:   48 8d 0c 59 48 83 c1 04 0f 1f 40 00 8b c3 48 8d
0x00007fff7b908b64:   49 fe 8b f3 ff cb 85 c0 7e 05 66 39 39 75 ed 48
0x00007fff7b908b74:   8b d5 48 8d 4c 24 20 e8 50 25 e0 ff 85 f6 48 8d
0x00007fff7b908b84:   4c 24 20 4c 8b cd 8b d7 41 0f 4e df 44 8b c3 e8
0x00007fff7b908b94:   b8 04 00 00 48 8d 4c 24 20 e8 0e aa 0f 00 48 83
0x00007fff7b908ba4:   7d 08 00 75 0e 49 8b 06 ff c7 3b 78 34 0f 8c 79
0x00007fff7b908bb4:   ff ff ff 48 8b 74 24 58 48 8b 5c 24 50 4c 8b 7c
0x00007fff7b908bc4:   24 60 48 83 c4 30 41 5e 5f 5d c3 cc 48 8b 41 10
0x00007fff7b908bd4:   48 8b 48 10 48 85 c9 75 03 33 c0 c3 48 ff 25 21
0x00007fff7b908be4:   e4 7a 00 cc cc cc cc cc cc cc cc cc 48 8b 41 10
0x00007fff7b908bf4:   48 85 c0 74 09 48 8b 48 10 48 85 c9 75 03 33 c0
0x00007fff7b908c04:   c3 48 ff 25 fc e3 7a 00 cc cc cc cc 48 89 5c 24
0x00007fff7b908c14:   18 57 48 83 ec 20 48 8b 41 10 48 8b d9 48 8b fa
0x00007fff7b908c24:   48 8b 48 10 48 85 c9 74 0f ff 15 d5 e3 7a 00 48
0x00007fff7b908c34:   85 c0 0f 85 95 00 00 00 48 8b 03 48 8b cb ff 50
0x00007fff7b908c44:   20 84 c0 75 24 4c 8d 0d 98 5b 63 00 ba cd 02 00
0x00007fff7b908c54:   00 4c 8d 05 ac 5b 63 00 48 8d 0d cd 5b 63 00 e8
0x00007fff7b908c64:   48 45 00 00 e8 f3 f2 3e 00 48 8b 0d b4 6f 85 00
0x00007fff7b908c74:   48 85 c9 74 58 48 8b 43 18 8b 53 38 48 89 74 24
0x00007fff7b908c84:   38 48 8b b0 98 00 00 00 85 d2 7e 3c 4c 8b c7 e8
0x00007fff7b908c94:   18 ce 3d 00 48 83 7f 08 00 75 2d 4c 8b c0 48 8d
0x00007fff7b908ca4:   4c 24 30 48 8b d7 e8 01 b6 e9 ff 4c 8b 44 24 30
0x00007fff7b908cb4:   48 8d 54 24 30 48 8b ce e8 2f c7 fb ff 48 8b 4b
0x00007fff7b908cc4:   10 48 8b 00 48 89 41 10 48 8b 74 24 38 48 8b 5c
0x00007fff7b908cd4:   24 40 48 83 c4 20 5f c3 cc cc cc cc 44 88 44 24
0x00007fff7b908ce4:   18 56 41 54 41 55 41 56 41 57 48 83 ec 20 80 3d
0x00007fff7b908cf4:   e8 73 83 00 00 4d 8b f1 49 8b 41 08 48 8b f1 4c
0x00007fff7b908d04:   63 fa 74 15 8b 40 08 8b 0d 8f 66 7b 00 48 d3 e0
0x00007fff7b908d14:   48 03 05 7d 66 7b 00 eb 04 48 8b 40 08 4c 8b 68 


Stack slot to memory mapping:
stack at sp + 0 slots: 0x0000028ae1ad0000 is a thread
stack at sp + 1 slots: 0x0000028ae1ad0000 is a thread
stack at sp + 2 slots: 0x0000028adf56b780 points into unknown readable memory: 00 00 00 00 00 00 00 00
stack at sp + 3 slots: 0x00000008000c1d70 is a pointer to class: 
java.time.temporal.TemporalQueries {0x00000008000c1d78}
stack at sp + 4 slots: 0x0000028ae1ad0000 is a thread
stack at sp + 5 slots: 0x00007fff7ba2b46f jvm.dll
stack at sp + 6 slots: 0x0000028ae1ad0000 is a thread
stack at sp + 7 slots: 0x0000028adf56b780 points into unknown readable memory: 00 00 00 00 00 00 00 00


---------------  P R O C E S S  ---------------

Threads class SMR info:
_java_thread_list=0x0000028ae1bf15a0, length=28, elements={
0x0000028adff18000, 0x0000028adff19000, 0x0000028adff30800, 0x0000028adff31800,
0x0000028adff34800, 0x0000028adff36800, 0x0000028adff66000, 0x0000028adf6f6000,
0x0000028ae01ca000, 0x0000028ae0796000, 0x0000028ae0c69000, 0x0000028ae182b800,
0x0000028ae1a23800, 0x0000028ae1ad3000, 0x0000028ae1acf000, 0x0000028ae1ad4000,
0x0000028ae1ad0000, 0x0000028ae1ace800, 0x0000028ae1ad0800, 0x0000028ae1ad2800,
0x0000028ae1ad1800, 0x0000028ae1ad5000, 0x0000028ae1bd3800, 0x0000028ae1bd8000,
0x0000028ae1bd7800, 0x0000028ae1bd6800, 0x0000028ae1bd2800, 0x0000028ae1bd5800
}

Java Threads: ( => current thread )
  0x0000028adff18000 JavaThread "Reference Handler" daemon [_thread_blocked, id=1548, stack(0x000000dc39500000,0x000000dc39600000)]
  0x0000028adff19000 JavaThread "Finalizer" daemon [_thread_blocked, id=8132, stack(0x000000dc39600000,0x000000dc39700000)]
  0x0000028adff30800 JavaThread "Signal Dispatcher" daemon [_thread_blocked, id=17052, stack(0x000000dc39700000,0x000000dc39800000)]
  0x0000028adff31800 JavaThread "Attach Listener" daemon [_thread_blocked, id=556, stack(0x000000dc39800000,0x000000dc39900000)]
  0x0000028adff34800 JavaThread "Service Thread" daemon [_thread_blocked, id=12540, stack(0x000000dc39900000,0x000000dc39a00000)]
  0x0000028adff36800 JavaThread "C1 CompilerThread0" daemon [_thread_blocked, id=12220, stack(0x000000dc39a00000,0x000000dc39b00000)]
  0x0000028adff66000 JavaThread "Sweeper thread" daemon [_thread_blocked, id=12592, stack(0x000000dc39b00000,0x000000dc39c00000)]
  0x0000028adf6f6000 JavaThread "Common-Cleaner" daemon [_thread_blocked, id=8460, stack(0x000000dc39c00000,0x000000dc39d00000)]
  0x0000028ae01ca000 JavaThread "Notification Thread" daemon [_thread_blocked, id=7156, stack(0x000000dc39e00000,0x000000dc39f00000)]
  0x0000028ae0796000 JavaThread "RMI TCP Accept-0" daemon [_thread_in_native, id=5264, stack(0x000000dc39f00000,0x000000dc3a000000)]
  0x0000028ae0c69000 JavaThread "RMI Scheduler(0)" daemon [_thread_blocked, id=952, stack(0x000000dc3a700000,0x000000dc3a800000)]
  0x0000028ae182b800 JavaThread "Catalina-utility-1" [_thread_blocked, id=10748, stack(0x000000dc3a800000,0x000000dc3a900000)]
  0x0000028ae1a23800 JavaThread "Catalina-utility-2" [_thread_blocked, id=13488, stack(0x000000dc3a900000,0x000000dc3aa00000)]
  0x0000028ae1ad3000 JavaThread "container-0" [_thread_blocked, id=3356, stack(0x000000dc3aa00000,0x000000dc3ab00000)]
  0x0000028ae1acf000 JavaThread "http-nio-8080-BlockPoller" daemon [_thread_in_native, id=2220, stack(0x000000dc3ab00000,0x000000dc3ac00000)]
  0x0000028ae1ad4000 JavaThread "http-nio-8080-exec-1" daemon [_thread_blocked, id=16552, stack(0x000000dc3ac00000,0x000000dc3ad00000)]
=>0x0000028ae1ad0000 JavaThread "http-nio-8080-exec-2" daemon [_thread_in_vm, id=16560, stack(0x000000dc3ad00000,0x000000dc3ae00000)]
  0x0000028ae1ace800 JavaThread "http-nio-8080-exec-3" daemon [_thread_blocked, id=8704, stack(0x000000dc3ae00000,0x000000dc3af00000)]
  0x0000028ae1ad0800 JavaThread "http-nio-8080-exec-4" daemon [_thread_blocked, id=16728, stack(0x000000dc3af00000,0x000000dc3b000000)]
  0x0000028ae1ad2800 JavaThread "http-nio-8080-exec-5" daemon [_thread_blocked, id=9120, stack(0x000000dc3b000000,0x000000dc3b100000)]
  0x0000028ae1ad1800 JavaThread "http-nio-8080-exec-6" daemon [_thread_blocked, id=4296, stack(0x000000dc3b100000,0x000000dc3b200000)]
  0x0000028ae1ad5000 JavaThread "http-nio-8080-exec-7" daemon [_thread_blocked, id=10540, stack(0x000000dc3b200000,0x000000dc3b300000)]
  0x0000028ae1bd3800 JavaThread "http-nio-8080-exec-8" daemon [_thread_blocked, id=15812, stack(0x000000dc3b300000,0x000000dc3b400000)]
  0x0000028ae1bd8000 JavaThread "http-nio-8080-exec-9" daemon [_thread_blocked, id=5676, stack(0x000000dc3b400000,0x000000dc3b500000)]
  0x0000028ae1bd7800 JavaThread "http-nio-8080-exec-10" daemon [_thread_blocked, id=6604, stack(0x000000dc3b500000,0x000000dc3b600000)]
  0x0000028ae1bd6800 JavaThread "http-nio-8080-ClientPoller" daemon [_thread_in_native, id=16240, stack(0x000000dc3b600000,0x000000dc3b700000)]
  0x0000028ae1bd2800 JavaThread "http-nio-8080-Acceptor" daemon [_thread_in_native, id=7772, stack(0x000000dc3b700000,0x000000dc3b800000)]
  0x0000028ae1bd5800 JavaThread "DestroyJavaVM" [_thread_blocked, id=12560, stack(0x000000dc38e00000,0x000000dc38f00000)]

Other Threads:
  0x0000028adf70d800 VMThread "VM Thread" [stack: 0x000000dc39400000,0x000000dc39500000] [id=9796]
  0x0000028ae0797000 WatcherThread [stack: 0x000000dc3a000000,0x000000dc3a100000] [id=17048]
  0x0000028abe97e800 GCTaskThread "GC Thread#0" [stack: 0x000000dc38f00000,0x000000dc39000000] [id=7232]
  0x0000028ae08b7800 GCTaskThread "GC Thread#1" [stack: 0x000000dc3a100000,0x000000dc3a200000] [id=16612]
  0x0000028ae0889800 GCTaskThread "GC Thread#2" [stack: 0x000000dc3a200000,0x000000dc3a300000] [id=13412]
  0x0000028ae088a800 GCTaskThread "GC Thread#3" [stack: 0x000000dc3a300000,0x000000dc3a400000] [id=9612]
  0x0000028abe997800 ConcurrentGCThread "G1 Main Marker" [stack: 0x000000dc39000000,0x000000dc39100000] [id=6200]
  0x0000028abe999000 ConcurrentGCThread "G1 Conc#0" [stack: 0x000000dc39100000,0x000000dc39200000] [id=8360]
  0x0000028adf57f800 ConcurrentGCThread "G1 Refine#0" [stack: 0x000000dc39200000,0x000000dc39300000] [id=14044]
  0x0000028ae01bf800 ConcurrentGCThread "G1 Refine#1" [stack: 0x000000dc3a400000,0x000000dc3a500000] [id=15140]
  0x0000028ae0b4a800 ConcurrentGCThread "G1 Refine#2" [stack: 0x000000dc3a500000,0x000000dc3a600000] [id=11980]
  0x0000028adf581000 ConcurrentGCThread "G1 Young RemSet Sampling" [stack: 0x000000dc39300000,0x000000dc39400000] [id=6164]

Threads with active compile tasks:

VM state:not at safepoint (normal execution)

VM Mutex/Monitor currently owned by a thread: None

Heap address: 0x0000000741c00000, size: 3044 MB, Compressed Oops mode: Zero based, Oop shift amount: 3
Narrow klass base: 0x0000000800000000, Narrow klass shift: 3
Compressed class space size: 1073741824 Address: 0x0000000800b30000

Heap:
 garbage-first heap   total 45056K, used 12953K [0x0000000741c00000, 0x0000000800000000)
  region size 1024K, 3 young (3072K), 2 survivors (2048K)
 Metaspace       used 26331K, capacity 27487K, committed 27824K, reserved 1073152K
  class space    used 3531K, capacity 3984K, committed 4096K, reserved 1048576K
Heap Regions: E=young(eden), S=young(survivor), O=old, HS=humongous(starts), HC=humongous(continues), CS=collection set, F=free, OA=open archive, CA=closed archive, TAMS=top-at-mark-start (previous, next)
|   0|0x0000000741c00000, 0x0000000741d00000, 0x0000000741d00000|100%| O|  |TAMS 0x0000000741d00000, 0x0000000741c00000| Untracked 
|   1|0x0000000741d00000, 0x0000000741e00000, 0x0000000741e00000|100%| O|  |TAMS 0x0000000741e00000, 0x0000000741d00000| Untracked 
|   2|0x0000000741e00000, 0x0000000741f00000, 0x0000000741f00000|100%| O|  |TAMS 0x0000000741f00000, 0x0000000741e00000| Untracked 
|   3|0x0000000741f00000, 0x0000000742000000, 0x0000000742000000|100%| O|  |TAMS 0x0000000742000000, 0x0000000741f00000| Untracked 
|   4|0x0000000742000000, 0x000000074208e000, 0x0000000742100000| 55%| O|  |TAMS 0x000000074208e000, 0x0000000742000000| Untracked 
|   5|0x0000000742100000, 0x0000000742200000, 0x0000000742200000|100%| O|  |TAMS 0x0000000742100000, 0x0000000742100000| Untracked 
|   6|0x0000000742200000, 0x0000000742300000, 0x0000000742300000|100%| O|  |TAMS 0x0000000742200000, 0x0000000742200000| Untracked 
|   7|0x0000000742300000, 0x0000000742400000, 0x0000000742400000|100%| O|  |TAMS 0x0000000742300000, 0x0000000742300000| Untracked 
|   8|0x0000000742400000, 0x0000000742500000, 0x0000000742500000|100%| O|  |TAMS 0x0000000742400000, 0x0000000742400000| Untracked 
|   9|0x0000000742500000, 0x0000000742600000, 0x0000000742600000|100%| O|  |TAMS 0x0000000742500000, 0x0000000742500000| Untracked 
|  10|0x0000000742600000, 0x0000000742700000, 0x0000000742700000|100%| O|  |TAMS 0x0000000742600000, 0x0000000742600000| Untracked 
|  11|0x0000000742700000, 0x0000000742788800, 0x0000000742800000| 53%| O|  |TAMS 0x0000000742700000, 0x0000000742700000| Untracked 
|  12|0x0000000742800000, 0x0000000742800000, 0x0000000742900000|  0%| F|  |TAMS 0x0000000742800000, 0x0000000742800000| Untracked 
|  13|0x0000000742900000, 0x0000000742900000, 0x0000000742a00000|  0%| F|  |TAMS 0x0000000742900000, 0x0000000742900000| Untracked 
|  14|0x0000000742a00000, 0x0000000742a00000, 0x0000000742b00000|  0%| F|  |TAMS 0x0000000742a00000, 0x0000000742a00000| Untracked 
|  15|0x0000000742b00000, 0x0000000742b00000, 0x0000000742c00000|  0%| F|  |TAMS 0x0000000742b00000, 0x0000000742b00000| Untracked 
|  16|0x0000000742c00000, 0x0000000742c00000, 0x0000000742d00000|  0%| F|  |TAMS 0x0000000742c00000, 0x0000000742c00000| Untracked 
|  17|0x0000000742d00000, 0x0000000742d00000, 0x0000000742e00000|  0%| F|  |TAMS 0x0000000742d00000, 0x0000000742d00000| Untracked 
|  18|0x0000000742e00000, 0x0000000742e00000, 0x0000000742f00000|  0%| F|  |TAMS 0x0000000742e00000, 0x0000000742e00000| Untracked 
|  19|0x0000000742f00000, 0x0000000742f00000, 0x0000000743000000|  0%| F|  |TAMS 0x0000000742f00000, 0x0000000742f00000| Untracked 
|  20|0x0000000743000000, 0x0000000743000000, 0x0000000743100000|  0%| F|  |TAMS 0x0000000743000000, 0x0000000743000000| Untracked 
|  21|0x0000000743100000, 0x0000000743100000, 0x0000000743200000|  0%| F|  |TAMS 0x0000000743100000, 0x0000000743100000| Untracked 
|  22|0x0000000743200000, 0x0000000743200000, 0x0000000743300000|  0%| F|  |TAMS 0x0000000743200000, 0x0000000743200000| Untracked 
|  23|0x0000000743300000, 0x000000074338fc00, 0x0000000743400000| 56%| S|CS|TAMS 0x0000000743300000, 0x0000000743300000| Complete 
|  24|0x0000000743400000, 0x0000000743500000, 0x0000000743500000|100%| S|CS|TAMS 0x0000000743400000, 0x0000000743400000| Complete 
|  25|0x0000000743500000, 0x0000000743500000, 0x0000000743600000|  0%| F|  |TAMS 0x0000000743500000, 0x0000000743500000| Untracked 
|  26|0x0000000743600000, 0x0000000743600000, 0x0000000743700000|  0%| F|  |TAMS 0x0000000743600000, 0x0000000743600000| Untracked 
|  27|0x0000000743700000, 0x0000000743700000, 0x0000000743800000|  0%| F|  |TAMS 0x0000000743700000, 0x0000000743700000| Untracked 
|  28|0x0000000743800000, 0x0000000743800000, 0x0000000743900000|  0%| F|  |TAMS 0x0000000743800000, 0x0000000743800000| Untracked 
|  29|0x0000000743900000, 0x0000000743900000, 0x0000000743a00000|  0%| F|  |TAMS 0x0000000743900000, 0x0000000743900000| Untracked 
|  30|0x0000000743a00000, 0x0000000743a00000, 0x0000000743b00000|  0%| F|  |TAMS 0x0000000743a00000, 0x0000000743a00000| Untracked 
|  31|0x0000000743b00000, 0x0000000743b00000, 0x0000000743c00000|  0%| F|  |TAMS 0x0000000743b00000, 0x0000000743b00000| Untracked 
|  32|0x0000000743c00000, 0x0000000743c00000, 0x0000000743d00000|  0%| F|  |TAMS 0x0000000743c00000, 0x0000000743c00000| Untracked 
|  33|0x0000000743d00000, 0x0000000743d00000, 0x0000000743e00000|  0%| F|  |TAMS 0x0000000743d00000, 0x0000000743d00000| Untracked 
|  34|0x0000000743e00000, 0x0000000743e00000, 0x0000000743f00000|  0%| F|  |TAMS 0x0000000743e00000, 0x0000000743e00000| Untracked 
|  35|0x0000000743f00000, 0x0000000743f00000, 0x0000000744000000|  0%| F|  |TAMS 0x0000000743f00000, 0x0000000743f00000| Untracked 
| 134|0x000000074a200000, 0x000000074a200000, 0x000000074a300000|  0%| F|  |TAMS 0x000000074a200000, 0x000000074a200000| Untracked 
| 135|0x000000074a300000, 0x000000074a300000, 0x000000074a400000|  0%| F|  |TAMS 0x000000074a300000, 0x000000074a300000| Untracked 
| 136|0x000000074a400000, 0x000000074a400000, 0x000000074a500000|  0%| F|  |TAMS 0x000000074a400000, 0x000000074a400000| Untracked 
| 137|0x000000074a500000, 0x000000074a500000, 0x000000074a600000|  0%| F|  |TAMS 0x000000074a500000, 0x000000074a500000| Untracked 
| 138|0x000000074a600000, 0x000000074a600000, 0x000000074a700000|  0%| F|  |TAMS 0x000000074a600000, 0x000000074a600000| Untracked 
| 139|0x000000074a700000, 0x000000074a700000, 0x000000074a800000|  0%| F|  |TAMS 0x000000074a700000, 0x000000074a700000| Untracked 
| 190|0x000000074da00000, 0x000000074da00000, 0x000000074db00000|  0%| F|  |TAMS 0x000000074da00000, 0x000000074da00000| Untracked 
| 191|0x000000074db00000, 0x000000074dbcd6a0, 0x000000074dc00000| 80%| E|  |TAMS 0x000000074db00000, 0x000000074db00000| Complete 

Card table byte_map: [0x0000028ad66c0000,0x0000028ad6cc0000] _byte_map_base: 0x0000028ad2cb2000

Marking Bits (Prev, Next): (CMBitMap*) 0x0000028abe97f1a8, (CMBitMap*) 0x0000028abe97f168
 Prev Bits: [0x0000028ada250000, 0x0000028add1e0000)
 Next Bits: [0x0000028ad72c0000, 0x0000028ada250000)

Polling page: 0x0000028abc6d0000

Metaspace:

Usage:
  Non-class:     22.95 MB capacity,    22.26 MB ( 97%) used,   579.85 KB (  2%) free+waste,   123.81 KB ( <1%) overhead. 
      Class:      3.89 MB capacity,     3.45 MB ( 89%) used,   388.48 KB ( 10%) free+waste,    63.56 KB (  2%) overhead. 
       Both:     26.84 MB capacity,    25.71 MB ( 96%) used,   968.34 KB (  4%) free+waste,   187.38 KB ( <1%) overhead. 

Virtual space:
  Non-class space:       24.00 MB reserved,      23.17 MB ( 97%) committed 
      Class space:        1.00 GB reserved,       4.00 MB ( <1%) committed 
             Both:        1.02 GB reserved,      27.17 MB (  3%) committed 

Chunk freelists:
   Non-Class:  33.00 KB
       Class:  16.00 KB
        Both:  49.00 KB

MaxMetaspaceSize: 17179869184.00 GB
CompressedClassSpaceSize: 1.00 GB

CodeHeap 'non-profiled nmethods': size=238912Kb used=5276Kb max_used=5276Kb free=233635Kb
 bounds [0x0000028ac7770000, 0x0000028ac7ca0000, 0x0000028ad60c0000]
CodeHeap 'non-nmethods': size=6848Kb used=1238Kb max_used=1238Kb free=5609Kb
 bounds [0x0000028ac70c0000, 0x0000028ac7330000, 0x0000028ac7770000]
 total_blobs=4195 nmethods=3411 adapters=437
 compilation: enabled
              stopped_count=0, restarted_count=0
 full_count=0

Compilation events (20 events):
Event: 549.504 Thread 0x0000028adff36800 3401       1       java.nio.CharBuffer::limit (8 bytes)
Event: 549.504 Thread 0x0000028adff36800 nmethod 3401 0x0000028ac7c92d90 code [0x0000028ac7c92f20, 0x0000028ac7c93028]
Event: 550.073 Thread 0x0000028adff36800 3403       1       org.apache.tomcat.util.buf.ByteChunk::equalsIgnoreCase (76 bytes)
Event: 550.074 Thread 0x0000028adff36800 nmethod 3403 0x0000028ac7c93090 code [0x0000028ac7c93260, 0x0000028ac7c93638]
Event: 550.074 Thread 0x0000028adff36800 3406       1       sun.util.locale.InternalLocaleBuilder::setExtensions (206 bytes)
Event: 550.075 Thread 0x0000028adff36800 nmethod 3406 0x0000028ac7c93990 code [0x0000028ac7c93ca0, 0x0000028ac7c948f8]
Event: 550.075 Thread 0x0000028adff36800 3407       1       java.lang.ThreadLocal$ThreadLocalMap::expungeStaleEntry (146 bytes)
Event: 550.076 Thread 0x0000028adff36800 nmethod 3407 0x0000028ac7c95010 code [0x0000028ac7c951c0, 0x0000028ac7c95678]
Event: 550.076 Thread 0x0000028adff36800 3404       1       java.io.StringReader::ensureOpen (18 bytes)
Event: 550.076 Thread 0x0000028adff36800 nmethod 3404 0x0000028ac7c95890 code [0x0000028ac7c95a40, 0x0000028ac7c95be8]
Event: 550.076 Thread 0x0000028adff36800 3408       1       java.io.ByteArrayOutputStream::ensureCapacity (32 bytes)
Event: 550.077 Thread 0x0000028adff36800 nmethod 3408 0x0000028ac7c95c90 code [0x0000028ac7c95e40, 0x0000028ac7c961f8]
Event: 550.077 Thread 0x0000028adff36800 3405       1       java.nio.CharBuffer::<init> (24 bytes)
Event: 550.077 Thread 0x0000028adff36800 nmethod 3405 0x0000028ac7c96390 code [0x0000028ac7c96520, 0x0000028ac7c96688]
Event: 550.077 Thread 0x0000028adff36800 3409       1       java.lang.Object::<init> (1 bytes)
Event: 550.077 Thread 0x0000028adff36800 nmethod 3409 0x0000028ac7c96710 code [0x0000028ac7c968a0, 0x0000028ac7c96978]
Event: 550.077 Thread 0x0000028adff36800 3410       1       javax.servlet.ServletRequestWrapper::getRequest (5 bytes)
Event: 550.077 Thread 0x0000028adff36800 nmethod 3410 0x0000028ac7c96a10 code [0x0000028ac7c96ba0, 0x0000028ac7c96c78]
Event: 550.078 Thread 0x0000028adff36800 3411       1       java.util.regex.Pattern$Node::<init> (12 bytes)
Event: 550.078 Thread 0x0000028adff36800 nmethod 3411 0x0000028ac7c96d10 code [0x0000028ac7c96ea0, 0x0000028ac7c96fd8]

GC Heap History (12 events):
Event: 0.972 GC heap before
{Heap before GC invocations=0 (full 0):
 garbage-first heap   total 196608K, used 13312K [0x0000000741c00000, 0x0000000800000000)
  region size 1024K, 13 young (13312K), 0 survivors (0K)
 Metaspace       used 5691K, capacity 5939K, committed 6272K, reserved 1056768K
  class space    used 692K, capacity 798K, committed 896K, reserved 1048576K
}
Event: 0.980 GC heap after
{Heap after GC invocations=1 (full 0):
 garbage-first heap   total 196608K, used 4435K [0x0000000741c00000, 0x0000000800000000)
  region size 1024K, 2 young (2048K), 2 survivors (2048K)
 Metaspace       used 5691K, capacity 5939K, committed 6272K, reserved 1056768K
  class space    used 692K, capacity 798K, committed 896K, reserved 1048576K
}
Event: 1.354 GC heap before
{Heap before GC invocations=1 (full 0):
 garbage-first heap   total 196608K, used 16723K [0x0000000741c00000, 0x0000000800000000)
  region size 1024K, 14 young (14336K), 2 survivors (2048K)
 Metaspace       used 8357K, capacity 8702K, committed 8960K, reserved 1056768K
  class space    used 1096K, capacity 1254K, committed 1280K, reserved 1048576K
}
Event: 1.358 GC heap after
{Heap after GC invocations=2 (full 0):
 garbage-first heap   total 196608K, used 5657K [0x0000000741c00000, 0x0000000800000000)
  region size 1024K, 1 young (1024K), 1 survivors (1024K)
 Metaspace       used 8357K, capacity 8702K, committed 8960K, reserved 1056768K
  class space    used 1096K, capacity 1254K, committed 1280K, reserved 1048576K
}
Event: 1.810 GC heap before
{Heap before GC invocations=2 (full 0):
 garbage-first heap   total 196608K, used 30233K [0x0000000741c00000, 0x0000000800000000)
  region size 1024K, 26 young (26624K), 1 survivors (1024K)
 Metaspace       used 13594K, capacity 14137K, committed 14464K, reserved 1060864K
  class space    used 1829K, capacity 2060K, committed 2176K, reserved 1048576K
}
Event: 1.814 GC heap after
{Heap after GC invocations=3 (full 0):
 garbage-first heap   total 196608K, used 7099K [0x0000000741c00000, 0x0000000800000000)
  region size 1024K, 3 young (3072K), 3 survivors (3072K)
 Metaspace       used 13594K, capacity 14137K, committed 14464K, reserved 1060864K
  class space    used 1829K, capacity 2060K, committed 2176K, reserved 1048576K
}
Event: 2.807 GC heap before
{Heap before GC invocations=3 (full 0):
 garbage-first heap   total 196608K, used 56251K [0x0000000741c00000, 0x0000000800000000)
  region size 1024K, 52 young (53248K), 3 survivors (3072K)
 Metaspace       used 20259K, capacity 21133K, committed 21296K, reserved 1067008K
  class space    used 2771K, capacity 3134K, committed 3200K, reserved 1048576K
}
Event: 2.815 GC heap after
{Heap after GC invocations=4 (full 0):
 garbage-first heap   total 196608K, used 9974K [0x0000000741c00000, 0x0000000800000000)
  region size 1024K, 6 young (6144K), 6 survivors (6144K)
 Metaspace       used 20259K, capacity 21133K, committed 21296K, reserved 1067008K
  class space    used 2771K, capacity 3134K, committed 3200K, reserved 1048576K
}
Event: 3.115 GC heap before
{Heap before GC invocations=5 (full 0):
 garbage-first heap   total 45056K, used 31478K [0x0000000741c00000, 0x0000000800000000)
  region size 1024K, 27 young (27648K), 6 survivors (6144K)
 Metaspace       used 22946K, capacity 23935K, committed 24240K, reserved 1071104K
  class space    used 3105K, capacity 3485K, committed 3584K, reserved 1048576K
}
Event: 3.126 GC heap after
{Heap after GC invocations=6 (full 0):
 garbage-first heap   total 45056K, used 11718K [0x0000000741c00000, 0x0000000800000000)
  region size 1024K, 2 young (2048K), 2 survivors (2048K)
 Metaspace       used 22946K, capacity 23935K, committed 24240K, reserved 1071104K
  class space    used 3105K, capacity 3485K, committed 3584K, reserved 1048576K
}
Event: 549.491 GC heap before
{Heap before GC invocations=6 (full 0):
 garbage-first heap   total 45056K, used 30150K [0x0000000741c00000, 0x0000000800000000)
  region size 1024K, 21 young (21504K), 2 survivors (2048K)
 Metaspace       used 26207K, capacity 27321K, committed 27440K, reserved 1073152K
  class space    used 3516K, capacity 3950K, committed 3968K, reserved 1048576K
}
Event: 549.497 GC heap after
{Heap after GC invocations=7 (full 0):
 garbage-first heap   total 45056K, used 12953K [0x0000000741c00000, 0x0000000800000000)
  region size 1024K, 2 young (2048K), 2 survivors (2048K)
 Metaspace       used 26207K, capacity 27321K, committed 27440K, reserved 1073152K
  class space    used 3516K, capacity 3950K, committed 3968K, reserved 1048576K
}

Deoptimization events (0 events):
No events

Classes unloaded (0 events):
No events

Classes redefined (0 events):
No events

Internal exceptions (20 events):
Event: 3.030 Thread 0x0000028abe928800 Exception <a 'java/lang/ClassNotFoundException'{0x00000007432534c0}: org/springframework/web/servlet/config/annotation/WebMvcConfigurationSupportCustomizer> (0x00000007432534c0) 
thrown [./open/src/hotspot/share/classfile/systemDictionary.cpp, line 226]
Event: 3.030 Thread 0x0000028abe928800 Exception <a 'java/lang/ClassNotFoundException'{0x000000074326b668}: org/springframework/web/servlet/config/annotation/DelegatingWebMvcConfigurationCustomizer> (0x000000074326b668) 
thrown [./open/src/hotspot/share/classfile/systemDictionary.cpp, line 226]
Event: 3.031 Thread 0x0000028abe928800 Exception <a 'java/lang/ClassNotFoundException'{0x0000000743279fe0}: org/springframework/boot/autoconfigure/web/servlet/WebMvcAutoConfiguration$EnableWebMvcConfigurationCustomizer> (0x0000000743279fe0) 
thrown [./open/src/hotspot/share/classfile/systemDictionary.cpp, line 226]
Event: 3.032 Thread 0x0000028abe928800 Exception <a 'java/lang/ClassNotFoundException'{0x0000000743291a10}: org/springframework/context/ResourceLoaderAwareCustomizer> (0x0000000743291a10) 
thrown [./open/src/hotspot/share/classfile/systemDictionary.cpp, line 226]
Event: 3.032 Thread 0x0000028abe928800 Exception <a 'java/lang/ClassNotFoundException'{0x00000007432992d8}: org/springframework/beans/factory/AwareCustomizer> (0x00000007432992d8) 
thrown [./open/src/hotspot/share/classfile/systemDictionary.cpp, line 226]
Event: 3.032 Thread 0x0000028abe928800 Exception <a 'java/lang/ClassNotFoundException'{0x00000007432a0930}: org/springframework/context/ApplicationContextAwareCustomizer> (0x00000007432a0930) 
thrown [./open/src/hotspot/share/classfile/systemDictionary.cpp, line 226]
Event: 3.033 Thread 0x0000028abe928800 Exception <a 'java/lang/ClassNotFoundException'{0x00000007432a8de8}: org/springframework/beans/factory/AwareCustomizer> (0x00000007432a8de8) 
thrown [./open/src/hotspot/share/classfile/systemDictionary.cpp, line 226]
Event: 3.033 Thread 0x0000028abe928800 Exception <a 'java/lang/ClassNotFoundException'{0x00000007432b0418}: org/springframework/web/context/ServletContextAwareCustomizer> (0x00000007432b0418) 
thrown [./open/src/hotspot/share/classfile/systemDictionary.cpp, line 226]
Event: 3.033 Thread 0x0000028abe928800 Exception <a 'java/lang/ClassNotFoundException'{0x00000007432b8148}: org/springframework/beans/factory/AwareCustomizer> (0x00000007432b8148) 
thrown [./open/src/hotspot/share/classfile/systemDictionary.cpp, line 226]
Event: 3.129 Thread 0x0000028abe928800 Exception <a 'java/lang/NoSuchMethodError'{0x000000074db17fd0}: 'void java.lang.invoke.DirectMethodHandle$Holder.invokeVirtual(java.lang.Object, java.lang.Object, int)'> (0x000000074db17fd0) 
thrown [./open/src/hotspot/share/interpreter/linkResolver.cpp, line 766]
Event: 3.130 Thread 0x0000028abe928800 Exception <a 'java/lang/NoSuchMethodError'{0x000000074db30d50}: 'void java.lang.invoke.DirectMethodHandle$Holder.invokeVirtual(java.lang.Object, java.lang.Object, long)'> (0x000000074db30d50) 
thrown [./open/src/hotspot/share/interpreter/linkResolver.cpp, line 766]
Event: 3.202 Thread 0x0000028abe928800 Exception <a 'java/lang/IncompatibleClassChangeError'{0x000000074a45d918}: Found class java.lang.Object, but interface was expected> (0x000000074a45d918) 
thrown [./open/src/hotspot/share/interpreter/linkResolver.cpp, line 832]
Event: 3.221 Thread 0x0000028abe928800 Exception <a 'java/lang/NoSuchMethodError'{0x000000074a383548}: 'int java.lang.invoke.DirectMethodHandle$Holder.invokeStaticInit(java.lang.Object, java.lang.Object, java.lang.Object, java.lang.Object)'> (0x000000074a383548) 
thrown [./open/src/hotspot/share/interpreter/linkResolver.cpp, line 766]
Event: 3.260 Thread 0x0000028abe928800 Exception <a 'java/lang/NoSuchMethodError'{0x0000000743e36a50}: 'java.lang.Object java.lang.invoke.DirectMethodHandle$Holder.invokeSpecial(java.lang.Object, java.lang.Object, int, java.lang.Object, int, java.lang.Object)'> (0x0000000743e36a50) 
thrown [./open/src/hotspot/share/interpreter/linkResolver.cpp, line 766]
Event: 3.261 Thread 0x0000028abe928800 Exception <a 'java/lang/NoSuchMethodError'{0x0000000743e3d5d8}: 'java.lang.Object java.lang.invoke.DirectMethodHandle$Holder.invokeStatic(java.lang.Object, java.lang.Object, int, java.lang.Object, int)'> (0x0000000743e3d5d8) 
thrown [./open/src/hotspot/share/interpreter/linkResolver.cpp, line 766]
Event: 3.261 Thread 0x0000028abe928800 Exception <a 'java/lang/NoSuchMethodError'{0x0000000743e40988}: 'java.lang.Object java.lang.invoke.DirectMethodHandle$Holder.invokeSpecial(java.lang.Object, java.lang.Object, java.lang.Object, int, java.lang.Object, int)'> (0x0000000743e40988) 
thrown [./open/src/hotspot/share/interpreter/linkResolver.cpp, line 766]
Event: 3.262 Thread 0x0000028abe928800 Exception <a 'java/lang/NoSuchMethodError'{0x0000000743e4b418}: 'void java.lang.invoke.DirectMethodHandle$Holder.invokeVirtual(java.lang.Object, java.lang.Object)'> (0x0000000743e4b418) 
thrown [./open/src/hotspot/share/interpreter/linkResolver.cpp, line 766]
Event: 549.432 Thread 0x0000028ae1ad4000 Exception <a 'java/io/IOException'{0x000000074373fd30}> (0x000000074373fd30) 
thrown [./open/src/hotspot/share/prims/jni.cpp, line 599]
Event: 549.432 Thread 0x0000028ae1ad4000 Exception <a 'java/io/IOException'{0x00000007437416a8}> (0x00000007437416a8) 
thrown [./open/src/hotspot/share/prims/jni.cpp, line 599]
Event: 549.434 Thread 0x0000028ae1ad4000 Exception <a 'java/io/IOException'{0x0000000743744e08}> (0x0000000743744e08) 
thrown [./open/src/hotspot/share/prims/jni.cpp, line 599]

Events (20 events):
Event: 549.499 Executing VM operation: HandshakeOneThread
Event: 549.499 Executing VM operation: HandshakeOneThread done
Event: 549.499 Executing VM operation: HandshakeOneThread
Event: 549.499 Executing VM operation: HandshakeOneThread done
Event: 549.499 Executing VM operation: HandshakeOneThread
Event: 549.499 Executing VM operation: HandshakeOneThread done
Event: 549.503 loading class java/nio/StringCharBuffer
Event: 549.503 loading class java/nio/StringCharBuffer done
Event: 549.504 Executing VM operation: HandshakeAllThreads
Event: 549.504 Executing VM operation: HandshakeAllThreads done
Event: 549.505 Executing VM operation: HandshakeOneThread
Event: 549.505 Executing VM operation: HandshakeOneThread done
Event: 549.506 Executing VM operation: HandshakeOneThread
Event: 549.506 Executing VM operation: HandshakeOneThread done
Event: 550.072 Executing VM operation: HandshakeOneThread
Event: 550.072 Executing VM operation: HandshakeOneThread done
Event: 550.072 Executing VM operation: HandshakeOneThread
Event: 550.072 Executing VM operation: HandshakeOneThread done
Event: 550.079 loading class java/time/format/DateTimeFormatterBuilder$ZoneTextPrinterParser
Event: 550.079 loading class java/time/format/DateTimeFormatterBuilder$ZoneTextPrinterParser done


Dynamic libraries:
0x00007ff6f9f80000 - 0x00007ff6f9f8f000 	C:\Program Files\Java\jdk-14.0.1\bin\java.exe
0x00007fffcd460000 - 0x00007fffcd650000 	C:\WINDOWS\SYSTEM32\ntdll.dll
0x00007fffcc2b0000 - 0x00007fffcc362000 	C:\WINDOWS\System32\KERNEL32.DLL
0x00007fffca5b0000 - 0x00007fffca855000 	C:\WINDOWS\System32\KERNELBASE.dll
0x00007fffcb3e0000 - 0x00007fffcb4da000 	C:\WINDOWS\System32\ucrtbase.dll
0x00007fffc3560000 - 0x00007fffc3575000 	C:\Program Files\Java\jdk-14.0.1\bin\VCRUNTIME140.dll
0x00007fffad4e0000 - 0x00007fffad4f8000 	C:\Program Files\Java\jdk-14.0.1\bin\jli.dll
0x00007fffcc490000 - 0x00007fffcc533000 	C:\WINDOWS\System32\ADVAPI32.dll
0x00007fffcc3f0000 - 0x00007fffcc48e000 	C:\WINDOWS\System32\msvcrt.dll
0x00007fffcb510000 - 0x00007fffcb5a7000 	C:\WINDOWS\System32\sechost.dll
0x00007fffcbd00000 - 0x00007fffcbe1f000 	C:\WINDOWS\System32\RPCRT4.dll
0x00007fffcd250000 - 0x00007fffcd3e4000 	C:\WINDOWS\System32\USER32.dll
0x00007fffcb4e0000 - 0x00007fffcb501000 	C:\WINDOWS\System32\win32u.dll
0x00007fffcd3f0000 - 0x00007fffcd416000 	C:\WINDOWS\System32\GDI32.dll
0x00007fffcb140000 - 0x00007fffcb2d8000 	C:\WINDOWS\System32\gdi32full.dll
0x00007fffca400000 - 0x00007fffca49e000 	C:\WINDOWS\System32\msvcp_win.dll
0x00007fffa4740000 - 0x00007fffa49c4000 	C:\WINDOWS\WinSxS\amd64_microsoft.windows.common-controls_6595b64144ccf1df_6.0.18362.1440_none_9e7dbfb9e45e8e67\COMCTL32.dll
0x00007fffcbe90000 - 0x00007fffcc1c6000 	C:\WINDOWS\System32\combase.dll
0x00007fffca4c0000 - 0x00007fffca541000 	C:\WINDOWS\System32\bcryptPrimitives.dll
0x00007fffc4ea0000 - 0x00007fffc4eaa000 	C:\WINDOWS\SYSTEM32\VERSION.dll
0x00007fffcb860000 - 0x00007fffcb88e000 	C:\WINDOWS\System32\IMM32.DLL
0x00007fff8f280000 - 0x00007fff8f31b000 	C:\Program Files\Java\jdk-14.0.1\bin\msvcp140.dll
0x00007fff7b700000 - 0x00007fff7c21e000 	C:\Program Files\Java\jdk-14.0.1\bin\server\jvm.dll
0x00007fffccf70000 - 0x00007fffccf78000 	C:\WINDOWS\System32\PSAPI.DLL
0x00007fffbc450000 - 0x00007fffbc459000 	C:\WINDOWS\SYSTEM32\WSOCK32.dll
0x00007fffcbe20000 - 0x00007fffcbe8f000 	C:\WINDOWS\System32\WS2_32.dll
0x00007fffc1960000 - 0x00007fffc1984000 	C:\WINDOWS\SYSTEM32\WINMM.dll
0x00007fffc1930000 - 0x00007fffc195d000 	C:\WINDOWS\SYSTEM32\WINMMBASE.dll
0x00007fffcb2e0000 - 0x00007fffcb32a000 	C:\WINDOWS\System32\cfgmgr32.dll
0x00007fffca3b0000 - 0x00007fffca3c1000 	C:\WINDOWS\System32\kernel.appcore.dll
0x00007fffc3210000 - 0x00007fffc321a000 	C:\Program Files\Java\jdk-14.0.1\bin\jimage.dll
0x00007fffc8bf0000 - 0x00007fffc8de4000 	C:\WINDOWS\SYSTEM32\DBGHELP.DLL
0x00007fffbad00000 - 0x00007fffbad2a000 	C:\WINDOWS\SYSTEM32\dbgcore.DLL
0x00007fffb89f0000 - 0x00007fffb89fe000 	C:\Program Files\Java\jdk-14.0.1\bin\instrument.dll
0x00007fff8f250000 - 0x00007fff8f275000 	C:\Program Files\Java\jdk-14.0.1\bin\java.dll
0x00007fff9b490000 - 0x00007fff9b4a6000 	C:\Program Files\Java\jdk-14.0.1\bin\zip.dll
0x00007fffcc560000 - 0x00007fffccc48000 	C:\WINDOWS\System32\SHELL32.dll
0x00007fffcb5b0000 - 0x00007fffcb657000 	C:\WINDOWS\System32\shcore.dll
0x00007fffca9c0000 - 0x00007fffcb13b000 	C:\WINDOWS\System32\windows.storage.dll
0x00007fffca340000 - 0x00007fffca35e000 	C:\WINDOWS\System32\profapi.dll
0x00007fffca360000 - 0x00007fffca3aa000 	C:\WINDOWS\System32\powrprof.dll
0x00007fffca310000 - 0x00007fffca320000 	C:\WINDOWS\System32\UMPDC.dll
0x00007fffcc230000 - 0x00007fffcc282000 	C:\WINDOWS\System32\shlwapi.dll
0x00007fffca4a0000 - 0x00007fffca4b7000 	C:\WINDOWS\System32\cryptsp.dll
0x00007fff9acf0000 - 0x00007fff9ad09000 	C:\Program Files\Java\jdk-14.0.1\bin\net.dll
0x00007fffc1ad0000 - 0x00007fffc1bca000 	C:\WINDOWS\SYSTEM32\WINHTTP.dll
0x00007fffc9af0000 - 0x00007fffc9b57000 	C:\WINDOWS\system32\mswsock.dll
0x00007fff9a900000 - 0x00007fff9a912000 	C:\Program Files\Java\jdk-14.0.1\bin\nio.dll
0x00007fff949a0000 - 0x00007fff949ba000 	C:\Program Files\JetBrains\IntelliJ IDEA 2021.1.2\bin\breakgen64.dll
0x00007fffc9840000 - 0x00007fffc990b000 	C:\WINDOWS\SYSTEM32\DNSAPI.dll
0x00007fffcc550000 - 0x00007fffcc558000 	C:\WINDOWS\System32\NSI.dll
0x00007fffc9800000 - 0x00007fffc983a000 	C:\WINDOWS\SYSTEM32\IPHLPAPI.DLL
0x00007fffc12a0000 - 0x00007fffc12aa000 	C:\Windows\System32\rasadhlp.dll
0x00007fffc24c0000 - 0x00007fffc2537000 	C:\WINDOWS\System32\fwpuclnt.dll
0x00007fffca3d0000 - 0x00007fffca3f6000 	C:\WINDOWS\System32\bcrypt.dll
0x00007fffa2030000 - 0x00007fffa2039000 	C:\Program Files\Java\jdk-14.0.1\bin\management.dll
0x00007fff9a1e0000 - 0x00007fff9a1eb000 	C:\Program Files\Java\jdk-14.0.1\bin\management_ext.dll
0x00007fffc9670000 - 0x00007fffc96a3000 	C:\WINDOWS\system32\rsaenh.dll
0x00007fffca230000 - 0x00007fffca255000 	C:\WINDOWS\SYSTEM32\USERENV.dll
0x00007fffc9cc0000 - 0x00007fffc9ccc000 	C:\WINDOWS\SYSTEM32\CRYPTBASE.dll
0x00007fffc25a0000 - 0x00007fffc25b6000 	C:\WINDOWS\SYSTEM32\dhcpcsvc6.DLL
0x00007fffc2c00000 - 0x00007fffc2c1c000 	C:\WINDOWS\SYSTEM32\dhcpcsvc.DLL
0x00007fffbb0e0000 - 0x00007fffbb0f6000 	C:\WINDOWS\system32\napinsp.dll
0x00007fffbace0000 - 0x00007fffbacfa000 	C:\WINDOWS\system32\pnrpnsp.dll
0x00007fffbabb0000 - 0x00007fffbabbe000 	C:\WINDOWS\System32\winrnr.dll
0x00007fffc6280000 - 0x00007fffc629c000 	C:\WINDOWS\system32\NLAapi.dll
0x00007fffba780000 - 0x00007fffba795000 	C:\WINDOWS\system32\wshbth.dll

dbghelp: loaded successfully - version: 4.0.5 - missing functions: none
symbol engine: initialized successfully - sym options: 0x614 - pdb path: .;C:\Program Files\Java\jdk-14.0.1\bin;C:\WINDOWS\SYSTEM32;C:\WINDOWS\WinSxS\amd64_microsoft.windows.common-controls_6595b64144ccf1df_6.0.18362.1440_none_9e7dbfb9e45e8e67;C:\Program Files\Java\jdk-14.0.1\bin\server;C:\Program Files\JetBrains\IntelliJ IDEA 2021.1.2\bin

VM Arguments:
jvm_args: -XX:TieredStopAtLevel=1 -Xverify:none -Dspring.output.ansi.enabled=always -javaagent:C:\Program Files\JetBrains\IntelliJ IDEA 2021.1.2\lib\idea_rt.jar=57198:C:\Program Files\JetBrains\IntelliJ IDEA 2021.1.2\bin -Dcom.sun.management.jmxremote -Dspring.jmx.enabled=true -Dspring.liveBeansView.mbeanDomain -Dspring.application.admin.enabled=true -Dfile.encoding=UTF-8 
java_command: com.example.restfulapispringboot.RestfulApiSpringBootApplication
java_class_path (initial): C:\Users\PC\Desktop\restful-api-spring-boot\target\classes;C:\Users\PC\.m2\repository\org\springframework\boot\spring-boot-starter-web\2.5.0\spring-boot-starter-web-2.5.0.jar;C:\Users\PC\.m2\repository\org\springframework\boot\spring-boot-starter\2.5.0\spring-boot-starter-2.5.0.jar;C:\Users\PC\.m2\repository\org\springframework\boot\spring-boot\2.5.0\spring-boot-2.5.0.jar;C:\Users\PC\.m2\repository\org\springframework\boot\spring-boot-autoconfigure\2.5.0\spring-boot-autoconfigure-2.5.0.jar;C:\Users\PC\.m2\repository\org\springframework\boot\spring-boot-starter-logging\2.5.0\spring-boot-starter-logging-2.5.0.jar;C:\Users\PC\.m2\repository\ch\qos\logback\logback-classic\1.2.3\logback-classic-1.2.3.jar;C:\Users\PC\.m2\repository\ch\qos\logback\logback-core\1.2.3\logback-core-1.2.3.jar;C:\Users\PC\.m2\repository\org\apache\logging\log4j\log4j-to-slf4j\2.14.1\log4j-to-slf4j-2.14.1.jar;C:\Users\PC\.m2\repository\org\apache\logging\log4j\log4j-api\2.14.1\log4j-api-2.14.1.jar;C:\Users\PC\.m2\repository\org\slf4j\jul-to-slf4j\1.7.30\jul-to-slf4j-1.7.30.jar;C:\Users\PC\.m2\repository\jakarta\annotation\jakarta.annotation-api\1.3.5\jakarta.annotation-api-1.3.5.jar;C:\Users\PC\.m2\repository\org\yaml\snakeyaml\1.28\snakeyaml-1.28.jar;C:\Users\PC\.m2\repository\org\springframework\boot\spring-boot-starter-json\2.5.0\spring-boot-starter-json-2.5.0.jar;C:\Users\PC\.m2\repository\com\fasterxml\jackson\core\jackson-databind\2.12.3\jackson-databind-2.12.3.jar;C:\Users\PC\.m2\repository\com\fasterxml\jackson\core\jackson-annotations\2.12.3\jackson-annotations-2.12.3.jar;C:\Users\PC\.m2\repository\com\fasterxml\jackson\core\jackson-core\2.12.3\jackson-core-2.12.3.jar;C:\Users\PC\.m2\repository\com\fasterxml\jackson\datatype\jackson-datatype-jdk8\2.12.3\jackson-datatype-jdk8-2.12.3.jar;C:\Users\PC\.m2\repository\com\fasterxml\jackson\datatype\jackson-datatype-jsr310\2.12.3\jackson-datatype-jsr310-2.12.3.jar;C:\Users\PC\.m2\repository\com\fasterxml\jackson\mo
Launcher Type: SUN_STANDARD

[Global flags]
     intx CICompilerCount                          = 3                                         {product} {ergonomic}
     uint ConcGCThreads                            = 1                                         {product} {ergonomic}
     uint G1ConcRefinementThreads                  = 4                                         {product} {ergonomic}
   size_t G1HeapRegionSize                         = 1048576                                   {product} {ergonomic}
    uintx GCDrainStackTargetSize                   = 64                                        {product} {ergonomic}
   size_t InitialHeapSize                          = 201326592                                 {product} {ergonomic}
     bool ManagementServer                         = true                                      {product} {command line}
   size_t MarkStackSize                            = 4194304                                   {product} {ergonomic}
   size_t MaxHeapSize                              = 3191865344                                {product} {ergonomic}
   size_t MaxNewSize                               = 1914699776                                {product} {ergonomic}
   size_t MinHeapDeltaBytes                        = 1048576                                   {product} {ergonomic}
   size_t MinHeapSize                              = 8388608                                   {product} {ergonomic}
    uintx NonNMethodCodeHeapSize                   = 6973028                                {pd product} {ergonomic}
    uintx NonProfiledCodeHeapSize                  = 244685212                              {pd product} {ergonomic}
    uintx ProfiledCodeHeapSize                     = 0                                      {pd product} {ergonomic}
    uintx ReservedCodeCacheSize                    = 251658240                              {pd product} {ergonomic}
     bool SegmentedCodeCache                       = true                                      {product} {ergonomic}
   size_t SoftMaxHeapSize                          = 3191865344                             {manageable} {ergonomic}
     intx TieredStopAtLevel                        = 1                                         {product} {command line}
     bool UseCompressedClassPointers               = true                                 {lp64_product} {ergonomic}
     bool UseCompressedOops                        = true                                 {lp64_product} {ergonomic}
     bool UseG1GC                                  = true                                      {product} {ergonomic}
     bool UseLargePagesIndividualAllocation        = false                                  {pd product} {ergonomic}

Logging:
Log output configuration:
 #0: stdout all=warning uptime,level,tags
 #1: stderr all=off uptime,level,tags

Environment Variables:
JAVA_HOME=C:\Program Files\Java\jdk-11.0.11
PATH=C:\Program Files\Java\jdk-11.0.11\bin;C:\Program Files\Common Files\Oracle\Java\javapath;C:\Program Files (x86)\Common Files\Oracle\Java\javapath;C:\ProgramData\Oracle\Java\javapath;C:\Windows\system32;C:\Program Files\apache-maven-3.8.1-bin\apache-maven-3.8.1\bin;C:\Windows;C:\Windows\System32\Wbem;C:\Windows\System32\WindowsPowerShell\v1.0\;C:\Windows\System32\OpenSSH\;C:\Program Files\Intel\WiFi\bin\;C:\Program Files\Common Files\Intel\WirelessCommon\;C:\Program Files\dotnet\;C:\Program Files\Microsoft SQL Server\130\Tools\Binn\;C:\MinGW\bin;C:\TDM-GCC-64\bin;C:\TDM-GCC-64\x86_64-w64-mingw32\include;C:\Users\PC\.dnx\bin;C:\Program Files\Microsoft DNX\Dnvm\;C:\Program Files\Microsoft SQL Server\Client SDK\ODBC\130\Tools\Binn\;C:\Program Files (x86)\Microsoft SQL Server\140\Tools\Binn\;C:\Program Files\Microsoft SQL Server\140\Tools\Binn\;C:\Program Files\Microsoft SQL Server\140\DTS\Binn\;C:\Program Files (x86)\Microsoft SQL Server\150\DTS\Binn\;C:\Program Files\Microsoft SQL Server\110\Tools\Binn\;C:\Program Files\Microsoft SQL Server\Client SDK\ODBC\170\Tools\Binn\;C:\Program Files (x86)\Microsoft SQL Server\150\Tools\Binn\;C:\Program Files\Microsoft SQL Server\150\Tools\Binn\;C:\Program Files\Microsoft SQL Server\150\DTS\Binn\;C:\Program Files\Git\cmd;C:\WINDOWS\system32;C:\WINDOWS;C:\WINDOWS\System32\Wbem;C:\WINDOWS\System32\WindowsPowerShell\v1.0\;C:\WINDOWS\System32\OpenSSH\;C:\Program Files\MongoDB\Server\4.4\bin;C:\Program Files (x86)\Code Collaborator Client;C:\Program Files\Collaborator Client;C:\Program Files\MongoDB\Server\4.4\bin;C:\Users\PC\AppData\Roaming\nvm;C:\Program Files\nodejs;C:\ProgramData\chocolatey\bin;C:\Program Files\OpenJDK\openjdk-8u282-b08\bin;C:\Program Files\nodejs\;C:\gradle-6.8.3\bin;%JAVA_HOME%\bin;C:\Program Files\Java\jdk-11.0.11\bin;C:\Users\PC\AppData\Local\Microsoft\WindowsApps;C:\Users\PC\AppData\Local\GitHubDesktop\bin;C:\Users\PC\AppData\Local\Programs\Microsoft VS Code\bin;C:\Users\PC\AppData\Local\Microsoft\WindowsApp
USERNAME=PC
OS=Windows_NT
PROCESSOR_IDENTIFIER=Intel64 Family 6 Model 142 Stepping 9, GenuineIntel



---------------  S Y S T E M  ---------------

OS: Windows 10 , 64 bit Build 18362 (10.0.18362.1350)
OS uptime: 1 days 19:39 hours

CPU:total 4 (initial active 4) (2 cores per cpu, 2 threads per core) family 6 model 142 stepping 9, cmov, cx8, fxsr, mmx, sse, sse2, sse3, ssse3, sse4.1, sse4.2, popcnt, avx, avx2, aes, clmul, erms, 3dnowpref, lzcnt, ht, tsc, tscinvbit, bmi1, bmi2, adx, fma

Memory: 4k page, system-wide physical 12171M (2742M free)
TotalPageFile size 17299M (AvailPageFile size 2444M)
current process WorkingSet (physical memory assigned to process): 119M, peak: 132M
current process commit charge ("private bytes"): 158M, peak: 303M

vm_info: Java HotSpot(TM) 64-Bit Server VM (14.0.1+7) for windows-amd64 JRE (14.0.1+7), built on Mar  5 2020 10:30:14 by "mach5one" with MS VC++ 15.9 (VS2017)

END.
